<?xml version="1.0" encoding="utf-8"?>
<coverage line-rate="0.6533" branch-rate="0.7" version="1.9" timestamp="1764251141" lines-covered="98" lines-valid="150" branches-covered="21" branches-valid="30">
  <sources>
    <source>C:\Users\jagod\sem5\CarChargingStats_backend\CodiblyBackend\</source>
  </sources>
  <packages>
    <package name="CodiblyBackend" line-rate="0.6533" branch-rate="0.7" complexity="50">
      <classes>
        <class name="Program" filename="Program.cs" line-rate="0" branch-rate="0" complexity="2">
          <methods>
            <method name="&lt;Main&gt;$" signature="(System.String[])" line-rate="0" branch-rate="0" complexity="2">
              <lines>
                <line number="3" hits="0" branch="False" />
                <line number="5" hits="0" branch="False" />
                <line number="6" hits="0" branch="False" />
                <line number="7" hits="0" branch="False" />
                <line number="8" hits="0" branch="False" />
                <line number="9" hits="0" branch="False" />
                <line number="11" hits="0" branch="False" />
                <line number="12" hits="0" branch="False" />
                <line number="13" hits="0" branch="False" />
                <line number="14" hits="0" branch="False" />
                <line number="15" hits="0" branch="False" />
                <line number="16" hits="0" branch="False" />
                <line number="17" hits="0" branch="False" />
                <line number="18" hits="0" branch="False" />
                <line number="19" hits="0" branch="False" />
                <line number="21" hits="0" branch="False" />
                <line number="23" hits="0" branch="False" />
                <line number="25" hits="0" branch="True" condition-coverage="0% (0/2)">
                  <conditions>
                    <condition number="143" type="jump" coverage="0%" />
                  </conditions>
                </line>
                <line number="26" hits="0" branch="False" />
                <line number="27" hits="0" branch="False" />
                <line number="28" hits="0" branch="False" />
                <line number="29" hits="0" branch="False" />
                <line number="31" hits="0" branch="False" />
                <line number="33" hits="0" branch="False" />
                <line number="34" hits="0" branch="False" />
                <line number="35" hits="0" branch="False" />
                <line number="36" hits="0" branch="False" />
              </lines>
            </method>
          </methods>
          <lines>
            <line number="3" hits="0" branch="False" />
            <line number="5" hits="0" branch="False" />
            <line number="6" hits="0" branch="False" />
            <line number="7" hits="0" branch="False" />
            <line number="8" hits="0" branch="False" />
            <line number="9" hits="0" branch="False" />
            <line number="11" hits="0" branch="False" />
            <line number="12" hits="0" branch="False" />
            <line number="13" hits="0" branch="False" />
            <line number="14" hits="0" branch="False" />
            <line number="15" hits="0" branch="False" />
            <line number="16" hits="0" branch="False" />
            <line number="17" hits="0" branch="False" />
            <line number="18" hits="0" branch="False" />
            <line number="19" hits="0" branch="False" />
            <line number="21" hits="0" branch="False" />
            <line number="23" hits="0" branch="False" />
            <line number="25" hits="0" branch="True" condition-coverage="0% (0/2)">
              <conditions>
                <condition number="143" type="jump" coverage="0%" />
              </conditions>
            </line>
            <line number="26" hits="0" branch="False" />
            <line number="27" hits="0" branch="False" />
            <line number="28" hits="0" branch="False" />
            <line number="29" hits="0" branch="False" />
            <line number="31" hits="0" branch="False" />
            <line number="33" hits="0" branch="False" />
            <line number="34" hits="0" branch="False" />
            <line number="35" hits="0" branch="False" />
            <line number="36" hits="0" branch="False" />
          </lines>
        </class>
        <class name="CodiblyBackend.Services.CarbonIntensityService" filename="Services\CarbonIntensityService.cs" line-rate="0" branch-rate="1" complexity="1">
          <methods>
            <method name=".ctor" signature="(System.Net.Http.HttpClient)" line-rate="0" branch-rate="1" complexity="1">
              <lines>
                <line number="10" hits="0" branch="False" />
                <line number="11" hits="0" branch="False" />
                <line number="12" hits="0" branch="False" />
                <line number="13" hits="0" branch="False" />
              </lines>
            </method>
          </methods>
          <lines>
            <line number="10" hits="0" branch="False" />
            <line number="11" hits="0" branch="False" />
            <line number="12" hits="0" branch="False" />
            <line number="13" hits="0" branch="False" />
          </lines>
        </class>
        <class name="CodiblyBackend.Services.CarbonIntensityService/&lt;GetCIDataAsync3Days&gt;d__2" filename="Services\CarbonIntensityService.cs" line-rate="0" branch-rate="0" complexity="6">
          <methods>
            <method name="MoveNext" signature="()" line-rate="0" branch-rate="0" complexity="6">
              <lines>
                <line number="16" hits="0" branch="False" />
                <line number="17" hits="0" branch="False" />
                <line number="18" hits="0" branch="False" />
                <line number="20" hits="0" branch="False" />
                <line number="22" hits="0" branch="False" />
                <line number="24" hits="0" branch="True" condition-coverage="0% (0/2)">
                  <conditions>
                    <condition number="298" type="jump" coverage="0%" />
                  </conditions>
                </line>
                <line number="25" hits="0" branch="False" />
                <line number="26" hits="0" branch="False" />
                <line number="29" hits="0" branch="False" />
                <line number="31" hits="0" branch="False" />
                <line number="32" hits="0" branch="False" />
                <line number="33" hits="0" branch="False" />
                <line number="34" hits="0" branch="False" />
                <line number="36" hits="0" branch="False" />
                <line number="38" hits="0" branch="True" condition-coverage="0% (0/4)">
                  <conditions>
                    <condition number="495" type="jump" coverage="0%" />
                    <condition number="507" type="jump" coverage="0%" />
                  </conditions>
                </line>
                <line number="39" hits="0" branch="False" />
              </lines>
            </method>
          </methods>
          <lines>
            <line number="16" hits="0" branch="False" />
            <line number="17" hits="0" branch="False" />
            <line number="18" hits="0" branch="False" />
            <line number="20" hits="0" branch="False" />
            <line number="22" hits="0" branch="False" />
            <line number="24" hits="0" branch="True" condition-coverage="0% (0/2)">
              <conditions>
                <condition number="298" type="jump" coverage="0%" />
              </conditions>
            </line>
            <line number="25" hits="0" branch="False" />
            <line number="26" hits="0" branch="False" />
            <line number="29" hits="0" branch="False" />
            <line number="31" hits="0" branch="False" />
            <line number="32" hits="0" branch="False" />
            <line number="33" hits="0" branch="False" />
            <line number="34" hits="0" branch="False" />
            <line number="36" hits="0" branch="False" />
            <line number="38" hits="0" branch="True" condition-coverage="0% (0/4)">
              <conditions>
                <condition number="495" type="jump" coverage="0%" />
                <condition number="507" type="jump" coverage="0%" />
              </conditions>
            </line>
            <line number="39" hits="0" branch="False" />
          </lines>
        </class>
        <class name="CodiblyBackend.Models.CarbonIntensityResponse" filename="Models\CarbonIntensityModels.cs" line-rate="0" branch-rate="1" complexity="1">
          <methods>
            <method name="get_Data" signature="()" line-rate="0" branch-rate="1" complexity="1">
              <lines>
                <line number="8" hits="0" branch="False" />
              </lines>
            </method>
          </methods>
          <lines>
            <line number="8" hits="0" branch="False" />
          </lines>
        </class>
        <class name="CodiblyBackend.Models.IntervalData" filename="Models\CarbonIntensityModels.cs" line-rate="1" branch-rate="1" complexity="7">
          <methods>
            <method name="get_From" signature="()" line-rate="1" branch-rate="1" complexity="1">
              <lines>
                <line number="14" hits="43" branch="False" />
              </lines>
            </method>
            <method name="get_To" signature="()" line-rate="1" branch-rate="1" complexity="1">
              <lines>
                <line number="16" hits="15" branch="False" />
              </lines>
            </method>
            <method name="get_EnergySourceData" signature="()" line-rate="1" branch-rate="1" complexity="1">
              <lines>
                <line number="18" hits="93" branch="False" />
              </lines>
            </method>
            <method name="GetCEPercentage" signature="()" line-rate="1" branch-rate="1" complexity="4">
              <lines>
                <line number="20" hits="18" branch="False" />
                <line number="21" hits="18" branch="True" condition-coverage="100% (4/4)">
                  <conditions>
                    <condition number="13" type="jump" coverage="100%" />
                    <condition number="34" type="jump" coverage="100%" />
                  </conditions>
                </line>
                <line number="22" hits="2" branch="False" />
                <line number="23" hits="2" branch="False" />
                <line number="26" hits="16" branch="False" />
                <line number="28" hits="50" branch="False" />
                <line number="29" hits="34" branch="False" />
                <line number="30" hits="18" branch="False" />
              </lines>
            </method>
          </methods>
          <lines>
            <line number="14" hits="43" branch="False" />
            <line number="16" hits="15" branch="False" />
            <line number="18" hits="93" branch="False" />
            <line number="20" hits="18" branch="False" />
            <line number="21" hits="18" branch="True" condition-coverage="100% (4/4)">
              <conditions>
                <condition number="13" type="jump" coverage="100%" />
                <condition number="34" type="jump" coverage="100%" />
              </conditions>
            </line>
            <line number="22" hits="2" branch="False" />
            <line number="23" hits="2" branch="False" />
            <line number="26" hits="16" branch="False" />
            <line number="28" hits="50" branch="False" />
            <line number="29" hits="34" branch="False" />
            <line number="30" hits="18" branch="False" />
          </lines>
        </class>
        <class name="CodiblyBackend.Models.SingleSourceData" filename="Models\CarbonIntensityModels.cs" line-rate="1" branch-rate="1" complexity="2">
          <methods>
            <method name="get_Fuel" signature="()" line-rate="1" branch-rate="1" complexity="1">
              <lines>
                <line number="36" hits="114" branch="False" />
              </lines>
            </method>
            <method name="get_Percentage" signature="()" line-rate="1" branch-rate="1" complexity="1">
              <lines>
                <line number="38" hits="62" branch="False" />
              </lines>
            </method>
          </methods>
          <lines>
            <line number="36" hits="114" branch="False" />
            <line number="38" hits="62" branch="False" />
          </lines>
        </class>
        <class name="CodiblyBackend.Models.ChargingRequest" filename="Models\ChargingModels.cs" line-rate="1" branch-rate="1" complexity="1">
          <methods>
            <method name="get_Hours" signature="()" line-rate="1" branch-rate="1" complexity="1">
              <lines>
                <line number="5" hits="24" branch="False" />
              </lines>
            </method>
          </methods>
          <lines>
            <line number="5" hits="24" branch="False" />
          </lines>
        </class>
        <class name="CodiblyBackend.Models.ChargingResponse" filename="Models\ChargingModels.cs" line-rate="1" branch-rate="1" complexity="3">
          <methods>
            <method name="get_StartTime" signature="()" line-rate="1" branch-rate="1" complexity="1">
              <lines>
                <line number="11" hits="4" branch="False" />
              </lines>
            </method>
            <method name="get_EndTime" signature="()" line-rate="1" branch-rate="1" complexity="1">
              <lines>
                <line number="12" hits="2" branch="False" />
              </lines>
            </method>
            <method name="get_AverageCleanEnergy" signature="()" line-rate="1" branch-rate="1" complexity="1">
              <lines>
                <line number="13" hits="4" branch="False" />
              </lines>
            </method>
          </methods>
          <lines>
            <line number="11" hits="4" branch="False" />
            <line number="12" hits="2" branch="False" />
            <line number="13" hits="4" branch="False" />
          </lines>
        </class>
        <class name="CodiblyBackend.Controllers.EnergyMixController" filename="Controllers\EnergyMixController.cs" line-rate="1" branch-rate="1" complexity="1">
          <methods>
            <method name=".ctor" signature="(CodiblyBackend.Services.InterfaceCarbonIntensityService)" line-rate="1" branch-rate="1" complexity="1">
              <lines>
                <line number="13" hits="9" branch="False" />
                <line number="14" hits="9" branch="False" />
                <line number="15" hits="9" branch="False" />
                <line number="16" hits="9" branch="False" />
              </lines>
            </method>
          </methods>
          <lines>
            <line number="13" hits="9" branch="False" />
            <line number="14" hits="9" branch="False" />
            <line number="15" hits="9" branch="False" />
            <line number="16" hits="9" branch="False" />
          </lines>
        </class>
        <class name="CodiblyBackend.Controllers.EnergyMixController/&lt;&gt;c" filename="Controllers\EnergyMixController.cs" line-rate="1" branch-rate="1" complexity="6">
          <methods>
            <method name="&lt;GetDailyMix&gt;b__2_1" signature="(&lt;&gt;f__AnonymousType0`2&lt;CodiblyBackend.Models.IntervalData,System.DateTime&gt;)" line-rate="1" branch-rate="1" complexity="1">
              <lines>
                <line number="49" hits="4" branch="False" />
              </lines>
            </method>
            <method name="&lt;GetDailyMix&gt;b__2_3" signature="(System.Linq.IGrouping`2&lt;System.DateTime,&lt;&gt;f__AnonymousType0`2&lt;CodiblyBackend.Models.IntervalData,System.DateTime&gt;&gt;)" line-rate="1" branch-rate="1" complexity="1">
              <lines>
                <line number="51" hits="3" branch="False" />
                <line number="52" hits="3" branch="False" />
                <line number="53" hits="3" branch="False" />
                <line number="54" hits="4" branch="False" />
                <line number="55" hits="3" branch="False" />
                <line number="56" hits="4" branch="False" />
                <line number="57" hits="8" branch="False" />
                <line number="58" hits="6" branch="False" />
                <line number="59" hits="6" branch="False" />
                <line number="60" hits="6" branch="False" />
                <line number="61" hits="8" branch="False" />
                <line number="62" hits="6" branch="False" />
                <line number="63" hits="6" branch="False" />
              </lines>
            </method>
            <method name="&lt;GetDailyMix&gt;b__2_5" signature="(&lt;&gt;f__AnonymousType1`3&lt;System.DateTime,System.Double,System.Collections.Generic.List`1&lt;&lt;&gt;f__AnonymousType2`2&lt;System.String,System.Double&gt;&gt;&gt;)" line-rate="1" branch-rate="1" complexity="1">
              <lines>
                <line number="67" hits="4" branch="False" />
                <line number="68" hits="4" branch="False" />
                <line number="69" hits="4" branch="False" />
                <line number="70" hits="4" branch="False" />
                <line number="71" hits="4" branch="False" />
                <line number="72" hits="4" branch="False" />
                <line number="73" hits="4" branch="False" />
              </lines>
            </method>
            <method name="&lt;CalculateBestWindow&gt;b__3_0" signature="(CodiblyBackend.Models.IntervalData)" line-rate="1" branch-rate="1" complexity="1">
              <lines>
                <line number="98" hits="11" branch="False" />
              </lines>
            </method>
            <method name="&lt;CalculateBestWindow&gt;b__3_1" signature="(CodiblyBackend.Models.IntervalData)" line-rate="1" branch-rate="1" complexity="1">
              <lines>
                <line number="99" hits="9" branch="False" />
              </lines>
            </method>
            <method name="&lt;CalculateBestWindow&gt;b__3_2" signature="(CodiblyBackend.Models.IntervalData)" line-rate="1" branch-rate="1" complexity="1">
              <lines>
                <line number="109" hits="15" branch="False" />
              </lines>
            </method>
          </methods>
          <lines>
            <line number="49" hits="4" branch="False" />
            <line number="51" hits="3" branch="False" />
            <line number="52" hits="3" branch="False" />
            <line number="53" hits="3" branch="False" />
            <line number="54" hits="4" branch="False" />
            <line number="55" hits="3" branch="False" />
            <line number="56" hits="4" branch="False" />
            <line number="57" hits="8" branch="False" />
            <line number="58" hits="6" branch="False" />
            <line number="59" hits="6" branch="False" />
            <line number="60" hits="6" branch="False" />
            <line number="61" hits="8" branch="False" />
            <line number="62" hits="6" branch="False" />
            <line number="63" hits="6" branch="False" />
            <line number="67" hits="4" branch="False" />
            <line number="68" hits="4" branch="False" />
            <line number="69" hits="4" branch="False" />
            <line number="70" hits="4" branch="False" />
            <line number="71" hits="4" branch="False" />
            <line number="72" hits="4" branch="False" />
            <line number="73" hits="4" branch="False" />
            <line number="98" hits="11" branch="False" />
            <line number="99" hits="9" branch="False" />
            <line number="109" hits="15" branch="False" />
          </lines>
        </class>
        <class name="CodiblyBackend.Controllers.EnergyMixController/&lt;&gt;c__DisplayClass2_0" filename="Controllers\EnergyMixController.cs" line-rate="1" branch-rate="1" complexity="2">
          <methods>
            <method name="&lt;GetDailyMix&gt;b__0" signature="(CodiblyBackend.Models.IntervalData)" line-rate="1" branch-rate="1" complexity="1">
              <lines>
                <line number="43" hits="4" branch="False" />
                <line number="44" hits="4" branch="False" />
                <line number="45" hits="4" branch="False" />
                <line number="46" hits="4" branch="False" />
                <line number="47" hits="4" branch="False" />
              </lines>
            </method>
            <method name="&lt;GetDailyMix&gt;b__2" signature="(System.Linq.IGrouping`2&lt;System.DateTime,&lt;&gt;f__AnonymousType0`2&lt;CodiblyBackend.Models.IntervalData,System.DateTime&gt;&gt;)" line-rate="1" branch-rate="1" complexity="1">
              <lines>
                <line number="50" hits="3" branch="False" />
              </lines>
            </method>
          </methods>
          <lines>
            <line number="43" hits="4" branch="False" />
            <line number="44" hits="4" branch="False" />
            <line number="45" hits="4" branch="False" />
            <line number="46" hits="4" branch="False" />
            <line number="47" hits="4" branch="False" />
            <line number="50" hits="3" branch="False" />
          </lines>
        </class>
        <class name="CodiblyBackend.Controllers.EnergyMixController/&lt;CalculateBestWindow&gt;d__3" filename="Controllers\EnergyMixController.cs" line-rate="1" branch-rate="1" complexity="14">
          <methods>
            <method name="MoveNext" signature="()" line-rate="1" branch-rate="1" complexity="14">
              <lines>
                <line number="82" hits="7" branch="False" />
                <line number="83" hits="7" branch="True" condition-coverage="100% (4/4)">
                  <conditions>
                    <condition number="30" type="jump" coverage="100%" />
                    <condition number="51" type="jump" coverage="100%" />
                  </conditions>
                </line>
                <line number="84" hits="3" branch="False" />
                <line number="85" hits="3" branch="False" />
                <line number="88" hits="4" branch="False" />
                <line number="89" hits="4" branch="True" condition-coverage="100% (4/4)">
                  <conditions>
                    <condition number="213" type="jump" coverage="100%" />
                    <condition number="236" type="jump" coverage="100%" />
                  </conditions>
                </line>
                <line number="90" hits="1" branch="False" />
                <line number="91" hits="1" branch="False" />
                <line number="95" hits="3" branch="False" />
                <line number="97" hits="3" branch="False" />
                <line number="100" hits="3" branch="False" />
                <line number="102" hits="3" branch="False" />
                <line number="103" hits="3" branch="False" />
                <line number="105" hits="16" branch="True" condition-coverage="100% (2/2)">
                  <conditions>
                    <condition number="591" type="jump" coverage="100%" />
                  </conditions>
                </line>
                <line number="106" hits="5" branch="False" />
                <line number="107" hits="5" branch="False" />
                <line number="111" hits="5" branch="True" condition-coverage="100% (2/2)">
                  <conditions>
                    <condition number="499" type="jump" coverage="100%" />
                  </conditions>
                </line>
                <line number="112" hits="4" branch="False" />
                <line number="113" hits="4" branch="False" />
                <line number="114" hits="4" branch="False" />
                <line number="115" hits="4" branch="False" />
                <line number="116" hits="5" branch="False" />
                <line number="118" hits="3" branch="True" condition-coverage="100% (2/2)">
                  <conditions>
                    <condition number="609" type="jump" coverage="100%" />
                  </conditions>
                </line>
                <line number="119" hits="1" branch="False" />
                <line number="120" hits="1" branch="False" />
                <line number="123" hits="2" branch="False" />
                <line number="124" hits="2" branch="False" />
                <line number="125" hits="2" branch="False" />
                <line number="126" hits="2" branch="False" />
                <line number="127" hits="2" branch="False" />
                <line number="128" hits="2" branch="False" />
                <line number="130" hits="7" branch="False" />
              </lines>
            </method>
          </methods>
          <lines>
            <line number="82" hits="7" branch="False" />
            <line number="83" hits="7" branch="True" condition-coverage="100% (4/4)">
              <conditions>
                <condition number="30" type="jump" coverage="100%" />
                <condition number="51" type="jump" coverage="100%" />
              </conditions>
            </line>
            <line number="84" hits="3" branch="False" />
            <line number="85" hits="3" branch="False" />
            <line number="88" hits="4" branch="False" />
            <line number="89" hits="4" branch="True" condition-coverage="100% (4/4)">
              <conditions>
                <condition number="213" type="jump" coverage="100%" />
                <condition number="236" type="jump" coverage="100%" />
              </conditions>
            </line>
            <line number="90" hits="1" branch="False" />
            <line number="91" hits="1" branch="False" />
            <line number="95" hits="3" branch="False" />
            <line number="97" hits="3" branch="False" />
            <line number="100" hits="3" branch="False" />
            <line number="102" hits="3" branch="False" />
            <line number="103" hits="3" branch="False" />
            <line number="105" hits="16" branch="True" condition-coverage="100% (2/2)">
              <conditions>
                <condition number="591" type="jump" coverage="100%" />
              </conditions>
            </line>
            <line number="106" hits="5" branch="False" />
            <line number="107" hits="5" branch="False" />
            <line number="111" hits="5" branch="True" condition-coverage="100% (2/2)">
              <conditions>
                <condition number="499" type="jump" coverage="100%" />
              </conditions>
            </line>
            <line number="112" hits="4" branch="False" />
            <line number="113" hits="4" branch="False" />
            <line number="114" hits="4" branch="False" />
            <line number="115" hits="4" branch="False" />
            <line number="116" hits="5" branch="False" />
            <line number="118" hits="3" branch="True" condition-coverage="100% (2/2)">
              <conditions>
                <condition number="609" type="jump" coverage="100%" />
              </conditions>
            </line>
            <line number="119" hits="1" branch="False" />
            <line number="120" hits="1" branch="False" />
            <line number="123" hits="2" branch="False" />
            <line number="124" hits="2" branch="False" />
            <line number="125" hits="2" branch="False" />
            <line number="126" hits="2" branch="False" />
            <line number="127" hits="2" branch="False" />
            <line number="128" hits="2" branch="False" />
            <line number="130" hits="7" branch="False" />
          </lines>
        </class>
        <class name="CodiblyBackend.Controllers.EnergyMixController/&lt;GetDailyMix&gt;d__2" filename="Controllers\EnergyMixController.cs" line-rate="0.7894" branch-rate="0.75" complexity="4">
          <methods>
            <method name="MoveNext" signature="()" line-rate="0.7894" branch-rate="0.75" complexity="4">
              <lines>
                <line number="22" hits="2" branch="False" />
                <line number="23" hits="2" branch="False" />
                <line number="25" hits="2" branch="True" condition-coverage="75% (3/4)">
                  <conditions>
                    <condition number="162" type="jump" coverage="50%" />
                    <condition number="185" type="jump" coverage="100%" />
                  </conditions>
                </line>
                <line number="26" hits="1" branch="False" />
                <line number="27" hits="1" branch="False" />
                <line number="32" hits="1" branch="False" />
                <line number="33" hits="1" branch="False" />
                <line number="34" hits="1" branch="False" />
                <line number="35" hits="0" branch="False" />
                <line number="36" hits="0" branch="False" />
                <line number="37" hits="0" branch="False" />
                <line number="38" hits="0" branch="False" />
                <line number="40" hits="1" branch="False" />
                <line number="42" hits="1" branch="False" />
                <line number="48" hits="1" branch="False" />
                <line number="64" hits="1" branch="False" />
                <line number="66" hits="1" branch="False" />
                <line number="75" hits="1" branch="False" />
                <line number="76" hits="2" branch="False" />
              </lines>
            </method>
          </methods>
          <lines>
            <line number="22" hits="2" branch="False" />
            <line number="23" hits="2" branch="False" />
            <line number="25" hits="2" branch="True" condition-coverage="75% (3/4)">
              <conditions>
                <condition number="162" type="jump" coverage="50%" />
                <condition number="185" type="jump" coverage="100%" />
              </conditions>
            </line>
            <line number="26" hits="1" branch="False" />
            <line number="27" hits="1" branch="False" />
            <line number="32" hits="1" branch="False" />
            <line number="33" hits="1" branch="False" />
            <line number="34" hits="1" branch="False" />
            <line number="35" hits="0" branch="False" />
            <line number="36" hits="0" branch="False" />
            <line number="37" hits="0" branch="False" />
            <line number="38" hits="0" branch="False" />
            <line number="40" hits="1" branch="False" />
            <line number="42" hits="1" branch="False" />
            <line number="48" hits="1" branch="False" />
            <line number="64" hits="1" branch="False" />
            <line number="66" hits="1" branch="False" />
            <line number="75" hits="1" branch="False" />
            <line number="76" hits="2" branch="False" />
          </lines>
        </class>
      </classes>
    </package>
  </packages>
</coverage>